<?xml version="1.0" encoding="UTF-8"?>
<!-- Generated by org.testng.reporters.JUnitXMLReporter -->
<testsuite hostname="DESKTOP-482JCE4" ignored="0" name="Test" tests="6" failures="1" timestamp="21 Sep 2020 01:07:05 GMT" time="24.542" errors="0">
  <testcase name="displayMoblie" time="0.015" classname="TestNGConcepts.PersonalDetails"/>
  <testcase name="displayemail" time="0.001" classname="TestNGConcepts.PersonalDetails"/>
  <testcase name="displayname" time="0.002" classname="TestNGConcepts.PersonalDetails"/>
  <testcase name="login" time="14.19" classname="TestNGConcepts.SurveyMonkeyLogin">
    <failure type="java.lang.AssertionError" message="Dashboard expected:&amp;lt;dashbord&amp;gt; but was:&amp;lt;dshbord is not matching&amp;gt;">
      <![CDATA[java.lang.AssertionError: Dashboard expected:<dashbord> but was:<dshbord is not matching>
at TestNGConcepts.SurveyMonkeyLogin.login(SurveyMonkeyLogin.java:37)
... Removed 26 stack frames]]>
    </failure>
  </testcase> <!-- login -->
  <testcase name="launchapp" time="10.261" classname="TestNGConcepts.VerifyGoogleApp"/>
  <testcase name="displayname" time="0.003" classname="TestNGConcepts.FirstTestNGCode"/>
</testsuite> <!-- Test -->
